#
# A fatal error has been detected by the Java Runtime Environment:
#
#  Internal Error (relocInfo_x86.cpp:101), pid=5948, tid=5360
#  Error: ShouldNotReachHere()
#
# JRE version: Java(TM) SE Runtime Environment (8.0_60-b27) (build 1.8.0_60-b27)
# Java VM: Java HotSpot(TM) Client VM (25.60-b23 mixed mode windows-x86 )
# Failed to write core dump. Minidumps are not enabled by default on client versions of Windows
#
# If you would like to submit a bug report, please visit:
#   http://bugreport.java.com/bugreport/crash.jsp
#

---------------  T H R E A D  ---------------

Current thread (0x1df14c00):  JavaThread "C1 CompilerThread0" daemon [_thread_in_vm, id=5360, stack(0x1eac0000,0x1ecc0000)]

Stack: [0x1eac0000,0x1ecc0000],  sp=0x1ecbf450,  free space=2045k
Native frames: (J=compiled Java code, j=interpreted, Vv=VM code, C=native code)
V  [jvm.dll+0x1a7dbb]
V  [jvm.dll+0x1a0714]
V  [jvm.dll+0x1f6938]
V  [jvm.dll+0x6970c]
V  [jvm.dll+0x1ce8d]
V  [jvm.dll+0x1dba8]
V  [jvm.dll+0x5d135]
V  [jvm.dll+0x67a13]
V  [jvm.dll+0x68e5d]
V  [jvm.dll+0x20076]
V  [jvm.dll+0x285c60]
V  [jvm.dll+0x286874]
V  [jvm.dll+0x2869c8]
V  [jvm.dll+0x286c42]
V  [jvm.dll+0x6f26a]
V  [jvm.dll+0x6fa1f]
V  [jvm.dll+0x17bddc]
V  [jvm.dll+0x17beca]
V  [jvm.dll+0x1c0466]
C  [MSVCR100.dll+0x5c556]
C  [MSVCR100.dll+0x5c600]
C  [kernel32.dll+0x51174]
C  [ntdll.dll+0x5b3f5]
C  [ntdll.dll+0x5b3c8]
C  0x00000000


Current CompileTask:
C1:20058866 181777             com.sun.jna.Structure$2$StructureSet::remove (54 bytes)


---------------  P R O C E S S  ---------------

Java Threads: ( => current thread )
  0x21a3e000 JavaThread "Inactive RequestProcessor thread [Was:org.netbeans.editor.GlyphGutter/org.netbeans.editor.GlyphGutter$8]" daemon [_thread_blocked, id=6012, stack(0x26bb0000,0x26db0000)]
  0x21a3f400 JavaThread "Inactive RequestProcessor thread [Was:Default RequestProcessor/org.netbeans.modules.xml.xam.AbstractModelFactory$1]" daemon [_thread_blocked, id=4640, stack(0x255b0000,0x257b0000)]
  0x21a40000 JavaThread "Inactive RequestProcessor thread [Was:org.netbeans.editor.GlyphGutter/org.netbeans.editor.GlyphGutter$8]" daemon [_thread_blocked, id=4840, stack(0x253b0000,0x255b0000)]
  0x21a41800 JavaThread "Inactive RequestProcessor thread [Was:org.netbeans.editor.GlyphGutter/org.netbeans.editor.GlyphGutter$8]" daemon [_thread_blocked, id=4740, stack(0x22390000,0x22590000)]
  0x1f407800 JavaThread "Inactive RequestProcessor thread [Was:org.netbeans.editor.GlyphGutter/org.netbeans.editor.GlyphGutter$8]" daemon [_thread_blocked, id=2672, stack(0x22190000,0x22390000)]
  0x1f404000 JavaThread "Inactive RequestProcessor thread [Was:org.netbeans.editor.GlyphGutter/org.netbeans.editor.GlyphGutter$8]" daemon [_thread_blocked, id=3804, stack(0x205c0000,0x207c0000)]
  0x1f403800 JavaThread "Inactive RequestProcessor thread [Was:org.netbeans.editor.GlyphGutter/org.netbeans.editor.GlyphGutter$8]" daemon [_thread_blocked, id=3900, stack(0x21f90000,0x22190000)]
  0x1f409c00 JavaThread "Inactive RequestProcessor thread [Was:org.netbeans.editor.GlyphGutter/org.netbeans.editor.GlyphGutter$8]" daemon [_thread_blocked, id=1684, stack(0x20ac0000,0x20cc0000)]
  0x1f409800 JavaThread "Inactive RequestProcessor thread [Was:org.netbeans.editor.GlyphGutter/org.netbeans.editor.GlyphGutter$8]" daemon [_thread_blocked, id=4216, stack(0x202c0000,0x204c0000)]
  0x1f408400 JavaThread "Inactive RequestProcessor thread [Was:org.netbeans.editor.GlyphGutter/org.netbeans.editor.GlyphGutter$8]" daemon [_thread_blocked, id=2612, stack(0x1f6e0000,0x1f8e0000)]
  0x1f407000 JavaThread "TimerQueue" daemon [_thread_blocked, id=6140, stack(0x26fb0000,0x271b0000)]
  0x1f406400 JavaThread "Worker-JM" [_thread_blocked, id=1252, stack(0x267b0000,0x269b0000)]
  0x1f405c00 JavaThread "Framework Event Dispatcher" daemon [_thread_blocked, id=2320, stack(0x265b0000,0x267b0000)]
  0x1f405800 JavaThread "Deadlock Detector" [_thread_blocked, id=3104, stack(0x263b0000,0x265b0000)]
  0x1f405000 JavaThread "Thread-3" daemon [_thread_blocked, id=4780, stack(0x260b0000,0x262b0000)]
  0x1f404c00 JavaThread "W32 File Monitor" daemon [_thread_blocked, id=3792, stack(0x25db0000,0x25fb0000)]
  0x1f404400 JavaThread "File Watcher" daemon [_thread_blocked, id=4408, stack(0x259b0000,0x25bb0000)]
  0x1f403000 JavaThread "Editor Parsing Loop (201411181905)" daemon [_thread_blocked, id=3820, stack(0x251b0000,0x253b0000)]
  0x1f402c00 JavaThread "State Data Manager" daemon [_thread_blocked, id=5612, stack(0x24fb0000,0x251b0000)]
  0x1f402400 JavaThread "Framework Active Thread" [_thread_blocked, id=3340, stack(0x24cb0000,0x24eb0000)]
  0x1f339800 JavaThread "AWT-EventQueue-0" [_thread_blocked, id=1528, stack(0x23e70000,0x24070000)]
  0x1f27a000 JavaThread "AWT-Windows" daemon [_thread_in_native, id=1468, stack(0x23aa0000,0x23ca0000)]
  0x1f262c00 JavaThread "AWT-Shutdown" [_thread_blocked, id=4864, stack(0x238a0000,0x23aa0000)]
  0x1f262000 JavaThread "Java2D Disposer" daemon [_thread_blocked, id=164, stack(0x236a0000,0x238a0000)]
  0x1f22a400 JavaThread "RequestProcessor queue manager" daemon [_thread_blocked, id=4572, stack(0x23270000,0x23470000)]
  0x1f20d000 JavaThread "CLI Requests Server" daemon [_thread_in_native, id=4436, stack(0x22a70000,0x22c70000)]
  0x1f1dec00 JavaThread "Active Reference Queue Daemon" daemon [_thread_blocked, id=2256, stack(0x1f4c0000,0x1f6c0000)]
  0x1df1a400 JavaThread "Service Thread" daemon [_thread_blocked, id=1200, stack(0x1ecc0000,0x1eec0000)]
=>0x1df14c00 JavaThread "C1 CompilerThread0" daemon [_thread_in_vm, id=5360, stack(0x1eac0000,0x1ecc0000)]
  0x1df13800 JavaThread "Attach Listener" daemon [_thread_blocked, id=2908, stack(0x1e8c0000,0x1eac0000)]
  0x1df1b800 JavaThread "Signal Dispatcher" daemon [_thread_blocked, id=4848, stack(0x1e6c0000,0x1e8c0000)]
  0x1dee4c00 JavaThread "Finalizer" daemon [_thread_blocked, id=4556, stack(0x1e4c0000,0x1e6c0000)]
  0x1dee0000 JavaThread "Reference Handler" daemon [_thread_blocked, id=4596, stack(0x1e2c0000,0x1e4c0000)]
  0x0060e800 JavaThread "main" [_thread_blocked, id=5348, stack(0x00030000,0x00230000)]

Other Threads:
  0x1dedac00 VMThread [stack: 0x1e0c0000,0x1e2c0000] [id=5180]
  0x1df4a400 WatcherThread [stack: 0x1eec0000,0x1f0c0000] [id=1256]

VM state:not at safepoint (normal execution)

VM Mutex/Monitor currently owned by a thread:  ([mutex/lock_event])
[0x0060c218] CodeCache_lock - owner thread: 0x1df14c00
[0x0060d478] Compile_lock - owner thread: 0x1df14c00
[0x0060d570] MethodCompileQueue_lock - owner thread: 0x1df14c00

Heap:
 def new generation   total 82752K, used 65654K [0x03e00000, 0x097c0000, 0x0c6a0000)
  eden space 73600K,  82% used [0x03e00000, 0x07930938, 0x085e0000)
  from space 9152K,  55% used [0x085e0000, 0x08accee0, 0x08ed0000)
  to   space 9152K,   0% used [0x08ed0000, 0x08ed0000, 0x097c0000)
 tenured generation   total 183756K, used 129235K [0x0c6a0000, 0x17a13000, 0x1d800000)
   the space 183756K,  70% used [0x0c6a0000, 0x144d4f78, 0x144d5000, 0x17a13000)
 Metaspace       used 53353K, capacity 57304K, committed 57344K, reserved 57728K

Card table byte_map: [0x03ce0000,0x03db0000] byte_map_base: 0x03cc1000

Polling page: 0x005c0000

CodeCache: size=32768Kb used=6639Kb max_used=10002Kb free=26128Kb
 bounds [0x01c60000, 0x02648000, 0x03c60000]
 total_blobs=3351 nmethods=3019 adapters=257
 compilation: enabled

Compilation events (10 events):
Event: 20054.212 Thread 0x1df14c00 nmethod 181772 0x01dce1c8 code [0x01dce2d0, 0x01dce3c8]
Event: 20054.226 Thread 0x1df14c00 181773             com.sun.jna.PointerType::getPointer (5 bytes)
Event: 20054.227 Thread 0x1df14c00 nmethod 181773 0x01e85888 code [0x01e85980, 0x01e85a00]
Event: 20054.235 Thread 0x1df14c00 181774             java.util.LinkedHashMap$LinkedHashIterator::hasNext (13 bytes)
Event: 20054.235 Thread 0x1df14c00 nmethod 181774 0x01f34848 code [0x01f34940, 0x01f349d0]
Event: 20054.249 Thread 0x1df14c00 181775             com.sun.jna.Structure$2$StructureSet::add (40 bytes)
Event: 20054.250 Thread 0x1df14c00 nmethod 181775 0x01e84b08 code [0x01e84c20, 0x01e84da8]
Event: 20054.252 Thread 0x1df14c00 181776             com.sun.jna.Structure$2$StructureSet::ensureCapacity (61 bytes)
Event: 20054.253 Thread 0x1df14c00 nmethod 181776 0x01e2f2c8 code [0x01e2f3e0, 0x01e2f66c]
Event: 20054.256 Thread 0x1df14c00 181777             com.sun.jna.Structure$2$StructureSet::remove (54 bytes)

GC Heap History (10 events):
Event: 19932.367 GC heap before
{Heap before GC invocations=944 (full 9):
 def new generation   total 82752K, used 77599K [0x03e00000, 0x097c0000, 0x0c6a0000)
  eden space 73600K, 100% used [0x03e00000, 0x085e0000, 0x085e0000)
  from space 9152K,  43% used [0x08ed0000, 0x092b7e88, 0x097c0000)
  to   space 9152K,   0% used [0x085e0000, 0x085e0000, 0x08ed0000)
 tenured generation   total 183756K, used 128839K [0x0c6a0000, 0x17a13000, 0x1d800000)
   the space 183756K,  70% used [0x0c6a0000, 0x14471e50, 0x14472000, 0x17a13000)
 Metaspace       used 53351K, capacity 57301K, committed 57344K, reserved 57728K
Event: 19932.386 GC heap after
Heap after GC invocations=945 (full 9):
 def new generation   total 82752K, used 3944K [0x03e00000, 0x097c0000, 0x0c6a0000)
  eden space 73600K,   0% used [0x03e00000, 0x03e00000, 0x085e0000)
  from space 9152K,  43% used [0x085e0000, 0x089ba088, 0x08ed0000)
  to   space 9152K,   0% used [0x08ed0000, 0x08ed0000, 0x097c0000)
 tenured generation   total 183756K, used 128839K [0x0c6a0000, 0x17a13000, 0x1d800000)
   the space 183756K,  70% used [0x0c6a0000, 0x14471e50, 0x14472000, 0x17a13000)
 Metaspace       used 53351K, capacity 57301K, committed 57344K, reserved 57728K
}
Event: 19952.869 GC heap before
{Heap before GC invocations=945 (full 9):
 def new generation   total 82752K, used 77544K [0x03e00000, 0x097c0000, 0x0c6a0000)
  eden space 73600K, 100% used [0x03e00000, 0x085e0000, 0x085e0000)
  from space 9152K,  43% used [0x085e0000, 0x089ba088, 0x08ed0000)
  to   space 9152K,   0% used [0x08ed0000, 0x08ed0000, 0x097c0000)
 tenured generation   total 183756K, used 128839K [0x0c6a0000, 0x17a13000, 0x1d800000)
   the space 183756K,  70% used [0x0c6a0000, 0x14471e50, 0x14472000, 0x17a13000)
 Metaspace       used 53351K, capacity 57301K, committed 57344K, reserved 57728K
Event: 19952.908 GC heap after
Heap after GC invocations=946 (full 9):
 def new generation   total 82752K, used 4144K [0x03e00000, 0x097c0000, 0x0c6a0000)
  eden space 73600K,   0% used [0x03e00000, 0x03e00000, 0x085e0000)
  from space 9152K,  45% used [0x08ed0000, 0x092dc2a8, 0x097c0000)
  to   space 9152K,   0% used [0x085e0000, 0x085e0000, 0x08ed0000)
 tenured generation   total 183756K, used 128839K [0x0c6a0000, 0x17a13000, 0x1d800000)
   the space 183756K,  70% used [0x0c6a0000, 0x14471e50, 0x14472000, 0x17a13000)
 Metaspace       used 53351K, capacity 57301K, committed 57344K, reserved 57728K
}
Event: 19970.366 GC heap before
{Heap before GC invocations=946 (full 9):
 def new generation   total 82752K, used 77744K [0x03e00000, 0x097c0000, 0x0c6a0000)
  eden space 73600K, 100% used [0x03e00000, 0x085e0000, 0x085e0000)
  from space 9152K,  45% used [0x08ed0000, 0x092dc2a8, 0x097c0000)
  to   space 9152K,   0% used [0x085e0000, 0x085e0000, 0x08ed0000)
 tenured generation   total 183756K, used 128839K [0x0c6a0000, 0x17a13000, 0x1d800000)
   the space 183756K,  70% used [0x0c6a0000, 0x14471e50, 0x14472000, 0x17a13000)
 Metaspace       used 53353K, capacity 57304K, committed 57344K, reserved 57728K
Event: 19970.389 GC heap after
Heap after GC invocations=947 (full 9):
 def new generation   total 82752K, used 4481K [0x03e00000, 0x097c0000, 0x0c6a0000)
  eden space 73600K,   0% used [0x03e00000, 0x03e00000, 0x085e0000)
  from space 9152K,  48% used [0x085e0000, 0x08a404d8, 0x08ed0000)
  to   space 9152K,   0% used [0x08ed0000, 0x08ed0000, 0x097c0000)
 tenured generation   total 183756K, used 128839K [0x0c6a0000, 0x17a13000, 0x1d800000)
   the space 183756K,  70% used [0x0c6a0000, 0x14471e50, 0x14472000, 0x17a13000)
 Metaspace       used 53353K, capacity 57304K, committed 57344K, reserved 57728K
}
Event: 19985.854 GC heap before
{Heap before GC invocations=947 (full 9):
 def new generation   total 82752K, used 78081K [0x03e00000, 0x097c0000, 0x0c6a0000)
  eden space 73600K, 100% used [0x03e00000, 0x085e0000, 0x085e0000)
  from space 9152K,  48% used [0x085e0000, 0x08a404d8, 0x08ed0000)
  to   space 9152K,   0% used [0x08ed0000, 0x08ed0000, 0x097c0000)
 tenured generation   total 183756K, used 128839K [0x0c6a0000, 0x17a13000, 0x1d800000)
   the space 183756K,  70% used [0x0c6a0000, 0x14471e50, 0x14472000, 0x17a13000)
 Metaspace       used 53353K, capacity 57304K, committed 57344K, reserved 57728K
Event: 19985.877 GC heap after
Heap after GC invocations=948 (full 9):
 def new generation   total 82752K, used 4728K [0x03e00000, 0x097c0000, 0x0c6a0000)
  eden space 73600K,   0% used [0x03e00000, 0x03e00000, 0x085e0000)
  from space 9152K,  51% used [0x08ed0000, 0x0936e320, 0x097c0000)
  to   space 9152K,   0% used [0x085e0000, 0x085e0000, 0x08ed0000)
 tenured generation   total 183756K, used 128839K [0x0c6a0000, 0x17a13000, 0x1d800000)
   the space 183756K,  70% used [0x0c6a0000, 0x14471e50, 0x14472000, 0x17a13000)
 Metaspace       used 53353K, capacity 57304K, committed 57344K, reserved 57728K
}
Event: 19997.291 GC heap before
{Heap before GC invocations=948 (full 9):
 def new generation   total 82752K, used 78328K [0x03e00000, 0x097c0000, 0x0c6a0000)
  eden space 73600K, 100% used [0x03e00000, 0x085e0000, 0x085e0000)
  from space 9152K,  51% used [0x08ed0000, 0x0936e320, 0x097c0000)
  to   space 9152K,   0% used [0x085e0000, 0x085e0000, 0x08ed0000)
 tenured generation   total 183756K, used 128839K [0x0c6a0000, 0x17a13000, 0x1d800000)
   the space 183756K,  70% used [0x0c6a0000, 0x14471e50, 0x14472000, 0x17a13000)
 Metaspace       used 53353K, capacity 57304K, committed 57344K, reserved 57728K
Event: 19997.317 GC heap after
Heap after GC invocations=949 (full 9):
 def new generation   total 82752K, used 5043K [0x03e00000, 0x097c0000, 0x0c6a0000)
  eden space 73600K,   0% used [0x03e00000, 0x03e00000, 0x085e0000)
  from space 9152K,  55% used [0x085e0000, 0x08accee0, 0x08ed0000)
  to   space 9152K,   0% used [0x08ed0000, 0x08ed0000, 0x097c0000)
 tenured generation   total 183756K, used 129235K [0x0c6a0000, 0x17a13000, 0x1d800000)
   the space 183756K,  70% used [0x0c6a0000, 0x144d4f78, 0x144d5000, 0x17a13000)
 Metaspace       used 53353K, capacity 57304K, committed 57344K, reserved 57728K
}

Deoptimization events (0 events):
No events

Internal exceptions (10 events):
Event: 19872.912 Thread 0x1f404000 Exception <a 'org/netbeans/modules/extbrowser/NbBrowserException': RegOpenKeyEx() failed for SOFTWARE\Microsoft\Windows\CurrentVersion\App Paths\MOZILLA.exe.> (0x05c00018) thrown at [D:\re\puppet\workspace\8-2-build-windows-i586-cygwin\jdk8u60\4407\hotspot,×Å]€nÓ@
Event: 19898.006 Thread 0x1f404000 Exception <a 'sun/nio/fs/WindowsException'> (0x05ec69c0) thrown at [D:\re\puppet\workspace\8-2-build-windows-i586-cygwin\jdk8u60\4407\hotspot\src\share\vm\prims\jni.cpp, line 709]
Event: 19898.006 Thread 0x1f404000 Exception <a 'sun/nio/fs/WindowsException'> (0x0600ab68) thrown at [D:\re\puppet\workspace\8-2-build-windows-i586-cygwin\jdk8u60\4407\hotspot\src\share\vm\prims\jni.cpp, line 709]
Event: 19898.008 Thread 0x1f404000 Exception <a 'java/io/FileNotFoundException'> (0x0600ea10) thrown at [D:\re\puppet\workspace\8-2-build-windows-i586-cygwin\jdk8u60\4407\hotspot\src\share\vm\prims\jni.cpp, line 709]
Event: 19916.646 Thread 0x21a41800 Exception <a 'sun/nio/fs/WindowsException'> (0x0613acf0) thrown at [D:\re\puppet\workspace\8-2-build-windows-i586-cygwin\jdk8u60\4407\hotspot\src\share\vm\prims\jni.cpp, line 709]
Event: 19916.647 Thread 0x21a41800 Exception <a 'sun/nio/fs/WindowsException'> (0x0613b810) thrown at [D:\re\puppet\workspace\8-2-build-windows-i586-cygwin\jdk8u60\4407\hotspot\src\share\vm\prims\jni.cpp, line 709]
Event: 19916.648 Thread 0x21a41800 Exception <a 'java/io/FileNotFoundException'> (0x0613d730) thrown at [D:\re\puppet\workspace\8-2-build-windows-i586-cygwin\jdk8u60\4407\hotspot\src\share\vm\prims\jni.cpp, line 709]
Event: 19998.065 Thread 0x21a3f400 Exception <a 'sun/nio/fs/WindowsException'> (0x04c4f0d0) thrown at [D:\re\puppet\workspace\8-2-build-windows-i586-cygwin\jdk8u60\4407\hotspot\src\share\vm\prims\jni.cpp, line 709]
Event: 19998.066 Thread 0x21a3f400 Exception <a 'sun/nio/fs/WindowsException'> (0x04c52c58) thrown at [D:\re\puppet\workspace\8-2-build-windows-i586-cygwin\jdk8u60\4407\hotspot\src\share\vm\prims\jni.cpp, line 709]
Event: 19998.068 Thread 0x21a3f400 Exception <a 'java/io/FileNotFoundException'> (0x04c56b88) thrown at [D:\re\puppet\workspace\8-2-build-windows-i586-cygwin\jdk8u60\4407\hotspot\src\share\vm\prims\jni.cpp, line 709]

Events (10 events):
Event: 20054.250 Thread 0x1df14c00 flushing nmethod 0x01d4b888
Event: 20054.250 Thread 0x1df14c00 flushing nmethod 0x01d9c508
Event: 20054.251 Thread 0x1df14c00 flushing nmethod 0x01df1f48
Event: 20054.251 Thread 0x1df14c00 flushing nmethod 0x01dff848
Event: 20054.251 Thread 0x1df14c00 flushing nmethod 0x01e37948
Event: 20054.251 Thread 0x1df14c00 flushing nmethod 0x01e37f48
Event: 20054.251 Thread 0x1df14c00 flushing nmethod 0x01e49b48
Event: 20054.253 Thread 0x1df14c00 flushing nmethod 0x01e84f08
Event: 20054.253 Thread 0x1df14c00 flushing nmethod 0x01e9abc8
Event: 20054.254 Thread 0x1df14c00 flushing nmethod 0x01f4b508


Dynamic libraries:
0x00400000 - 0x00499000 	C:\Program Files\NetBeans 8.0.2\bin\netbeans.exe
0x77390000 - 0x774cc000 	C:\Windows\SYSTEM32\ntdll.dll
0x772b0000 - 0x77384000 	C:\Windows\system32\kernel32.dll
0x75790000 - 0x757da000 	C:\Windows\system32\KERNELBASE.dll
0x75930000 - 0x759d0000 	C:\Windows\system32\ADVAPI32.DLL
0x76090000 - 0x7613c000 	C:\Windows\system32\msvcrt.dll
0x775a0000 - 0x775b9000 	C:\Windows\SYSTEM32\sechost.dll
0x75880000 - 0x75921000 	C:\Windows\system32\RPCRT4.dll
0x76580000 - 0x771c9000 	C:\Windows\system32\SHELL32.DLL
0x771d0000 - 0x77227000 	C:\Windows\system32\SHLWAPI.dll
0x75fd0000 - 0x7601e000 	C:\Windows\system32\GDI32.dll
0x76310000 - 0x763d9000 	C:\Windows\system32\USER32.dll
0x75fc0000 - 0x75fca000 	C:\Windows\system32\LPK.dll
0x757e0000 - 0x7587d000 	C:\Windows\system32\USP10.dll
0x76020000 - 0x7603f000 	C:\Windows\system32\IMM32.DLL
0x76240000 - 0x7630c000 	C:\Windows\system32\MSCTF.dll
0x75c70000 - 0x75dcc000 	C:\Windows\system32\ole32.dll
0x72900000 - 0x72966000 	C:\Program Files\NetBeans 8.0.2\platform\lib\nbexec.dll
0x75410000 - 0x7545b000 	C:\Windows\system32\apphelp.dll
0x77780000 - 0x77b45000 	C:\Program Files\Java\jre1.8.0_60\bin\client\jvm.dll
0x72a10000 - 0x72a17000 	C:\Windows\system32\WSOCK32.dll
0x75de0000 - 0x75e15000 	C:\Windows\system32\WS2_32.dll
0x75dd0000 - 0x75dd6000 	C:\Windows\system32\NSI.dll
0x73a90000 - 0x73ac2000 	C:\Windows\system32\WINMM.dll
0x74760000 - 0x74769000 	C:\Windows\system32\VERSION.dll
0x75c60000 - 0x75c65000 	C:\Windows\system32\PSAPI.DLL
0x72780000 - 0x7283f000 	C:\Program Files\Java\jre1.8.0_60\bin\MSVCR100.dll
0x73030000 - 0x73061000 	C:\Program Files\Java\jre1.8.0_60\bin\splashscreen.dll
0x73110000 - 0x7311c000 	C:\Program Files\Java\jre1.8.0_60\bin\verify.dll
0x730e0000 - 0x73101000 	C:\Program Files\Java\jre1.8.0_60\bin\java.dll
0x73010000 - 0x73023000 	C:\Program Files\Java\jre1.8.0_60\bin\zip.dll
0x754e0000 - 0x754eb000 	C:\Windows\system32\profapi.dll
0x728e0000 - 0x728f5000 	C:\Program Files\Java\jre1.8.0_60\bin\net.dll
0x74cc0000 - 0x74cfc000 	C:\Windows\system32\mswsock.dll
0x74cb0000 - 0x74cb6000 	C:\Windows\System32\wship6.dll
0x74100000 - 0x7410f000 	C:\Program Files\Java\jre1.8.0_60\bin\nio.dll
0x73940000 - 0x7395c000 	C:\Windows\system32\IPHLPAPI.DLL
0x74960000 - 0x74967000 	C:\Windows\system32\WINNSI.DLL
0x737a0000 - 0x737b2000 	C:\Windows\system32\dhcpcsvc.DLL
0x73790000 - 0x7379d000 	C:\Windows\system32\dhcpcsvc6.DLL
0x6c6c0000 - 0x6c805000 	C:\Program Files\Java\jre1.8.0_60\bin\awt.dll
0x759d0000 - 0x75a5f000 	C:\Windows\system32\OLEAUT32.dll
0x74f30000 - 0x74f46000 	C:\Windows\system32\CRYPTSP.dll
0x74aa0000 - 0x74adb000 	C:\Windows\system32\rsaenh.dll
0x748c0000 - 0x748d7000 	C:\Windows\system32\USERENV.dll
0x75460000 - 0x7546c000 	C:\Windows\system32\CRYPTBASE.dll
0x73d00000 - 0x73d10000 	C:\Windows\system32\NLAapi.dll
0x74b80000 - 0x74bc4000 	C:\Windows\system32\DNSAPI.dll
0x6d610000 - 0x6d618000 	C:\Windows\System32\winrnr.dll
0x6d600000 - 0x6d610000 	C:\Windows\system32\napinsp.dll
0x6d5e0000 - 0x6d5f2000 	C:\Windows\system32\pnrpnsp.dll
0x6d5d0000 - 0x6d5dd000 	C:\Windows\system32\wshbth.dll
0x747f0000 - 0x747f5000 	C:\Windows\System32\wshtcpip.dll
0x6efc0000 - 0x6efc6000 	C:\Windows\system32\rasadhlp.dll
0x737d0000 - 0x73808000 	C:\Windows\System32\fwpuclnt.dll
0x73b80000 - 0x73b93000 	C:\Windows\system32\DWMAPI.DLL
0x74d60000 - 0x74efe000 	C:\Windows\WinSxS\x86_microsoft.windows.common-controls_6595b64144ccf1df_6.0.7600.16385_none_421189da2b7fabfc\COMCTL32.dll
0x74160000 - 0x741a0000 	C:\Windows\system32\uxtheme.dll
0x728a0000 - 0x728d9000 	C:\Program Files\Java\jre1.8.0_60\bin\fontmanager.dll
0x72870000 - 0x728a0000 	C:\Program Files\Java\jre1.8.0_60\bin\t2k.dll
0x03db0000 - 0x03ded000 	C:\Program Files\NetBeans 8.0.2\platform\modules\lib\x86\jnidispatch-410.dll
0x72860000 - 0x7286a000 	C:\Program Files\Java\jre1.8.0_60\bin\management.dll
0x70da0000 - 0x70df8000 	C:\Windows\system32\winhttp.dll
0x70d50000 - 0x70d9f000 	C:\Windows\system32\webio.dll
0x753f0000 - 0x7540a000 	C:\Windows\system32\SspiCli.dll
0x749a0000 - 0x749a8000 	C:\Windows\system32\credssp.dll
0x755f0000 - 0x75617000 	C:\Windows\system32\CFGMGR32.dll
0x75560000 - 0x755e4000 	C:\Windows\WinSxS\x86_microsoft.windows.common-controls_6595b64144ccf1df_5.82.7600.16385_none_ebf82fc36c758ad5\comctl32.dll
0x774d0000 - 0x77553000 	C:\Windows\system32\CLBCatQ.DLL
0x73990000 - 0x73a8b000 	C:\Windows\system32\WindowsCodecs.dll
0x6c2d0000 - 0x6c37e000 	C:\Program Files\AVAST Software\Avast\ashShell.dll
0x73f60000 - 0x740f0000 	C:\Windows\WinSxS\x86_microsoft.windows.gdiplus_6595b64144ccf1df_1.1.7600.16385_none_72fc7cbf861225ca\gdiplus.dll
0x6f930000 - 0x6fb70000 	C:\Windows\system32\msi.dll
0x6c290000 - 0x6c2c1000 	C:\Windows\system32\EhStorShell.dll
0x763e0000 - 0x7657d000 	C:\Windows\system32\SETUPAPI.dll
0x75650000 - 0x75662000 	C:\Windows\system32\DEVOBJ.dll
0x741a0000 - 0x74295000 	C:\Windows\system32\PROPSYS.dll
0x6c220000 - 0x6c28a000 	C:\Windows\System32\cscui.dll
0x6c210000 - 0x6c219000 	C:\Windows\System32\CSCDLL.dll
0x6d620000 - 0x6d62b000 	C:\Windows\system32\CSCAPI.dll
0x6c1a0000 - 0x6c20f000 	C:\Windows\system32\ntshrui.dll
0x75360000 - 0x75379000 	C:\Windows\system32\srvcli.dll
0x73c80000 - 0x73c8a000 	C:\Windows\system32\slc.dll
0x72750000 - 0x72774000 	C:\Program Files\Java\jre1.8.0_60\bin\dcpr.dll
0x754d0000 - 0x754de000 	C:\Windows\system32\RpcRtRemote.dll
0x6c190000 - 0x6c196000 	C:\Windows\system32\IconCodecService.dll
0x1f6c0000 - 0x1f6d6000 	C:\Program Files\NetBeans 8.0.2\ide\modules\lib\extbrowser.dll
0x6c680000 - 0x6c686000 	C:\Program Files\Java\jre1.8.0_60\bin\jawt.dll
0x6d1a0000 - 0x6d28b000 	C:\Windows\system32\dbghelp.dll

VM Arguments:
jvm_args: -Dnetbeans.importclass=org.netbeans.upgrade.AutoUpgrade -Dnetbeans.accept_license_class=org.netbeans.license.AcceptLicense -client -Xss2m -Xms32m -XX:PermSize=32m -Dapple.laf.useScreenMenuBar=true -Dapple.awt.graphics.UseQuartz=true -Dsun.java2d.noddraw=true -Dsun.java2d.dpiaware=true -Dsun.zip.disableMemoryMapping=true -Xmx409m -Djdk.home=C:\Program Files\Java\jre1.8.0_60 -Dnetbeans.home=C:\Program Files\NetBeans 8.0.2\platform -Dnetbeans.user=C:\Users\User\AppData\Roaming\NetBeans\8.0.2 -Dnetbeans.default_userdir_root=C:\Users\User\AppData\Roaming\NetBeans -XX:+HeapDumpOnOutOfMemoryError -XX:HeapDumpPath=C:\Users\User\AppData\Roaming\NetBeans\8.0.2\var\log\heapdump.hprof -Dsun.awt.keepWorkingSetOnMinimize=true -Dnetbeans.dirs=C:\Program Files\NetBeans 8.0.2\nb;C:\Program Files\NetBeans 8.0.2\ergonomics;C:\Program Files\NetBeans 8.0.2\ide;C:\Program Files\NetBeans 8.0.2\extide;C:\Program Files\NetBeans 8.0.2\java;C:\Program Files\NetBeans 8.0.2\apisupport;C:\Program Files\NetBeans 8.0.2\webcommon;C:\Program Files\NetBeans 8.0.2\websvccommon;C:\Program Files\NetBeans 8.0.2\enterprise;C:\Program Files\NetBeans 8.0.2\mobility;C:\Program Files\NetBeans 8.0.2\profiler;C:\Program Files\NetBeans 8.0.2\python;C:\Program Files\NetBeans 8.0.2\php;C:\Program Files\NetBeans 8.0.2\identity;C:\Program Files\NetBeans 8.0.2\harness;C:\Program Files\NetBeans 8.0.2\cnd;C:\Program Files\NetBeans 8.0.2\dlight;C:\Program Files\NetBeans 8.0.2\groovy;C:\Program Files\NetBeans 8.0.2\extra;C:\Program Files\NetBeans 8.0.2\javacard;C:\Program Files\NetBeans 8.0.2\javafx exit 
java_command: <unknown>
java_class_path (initial): C:\Program Files\NetBeans 8.0.2\platform\lib\boot.jar;C:\Program Files\NetBeans 8.0.2\platform\lib\org-openide-modules.jar;C:\Program Files\NetBeans 8.0.2\platform\lib\org-openide-util-lookup.jar;C:\Program Files\NetBeans 8.0.2\platform\lib\org-openide-util.jar;C:\Program Files\NetBeans 8.0.2\platform\lib\locale\boot_ja.jar;C:\Program Files\NetBeans 8.0.2\platform\lib\locale\boot_pt_BR.jar;C:\Program Files\NetBeans 8.0.2\platform\lib\locale\boot_ru.jar;C:\Program Files\NetBeans 8.0.2\platform\lib\locale\boot_zh_CN.jar;C:\Program Files\NetBeans 8.0.2\platform\lib\locale\org-openide-modules_ja.jar;C:\Program Files\NetBeans 8.0.2\platform\lib\locale\org-openide-modules_pt_BR.jar;C:\Program Files\NetBeans 8.0.2\platform\lib\locale\org-openide-modules_ru.jar;C:\Program Files\NetBeans 8.0.2\platform\lib\locale\org-openide-modules_zh_CN.jar;C:\Program Files\NetBeans 8.0.2\platform\lib\locale\org-openide-util-lookup_ja.jar;C:\Program Files\NetBeans 8.0.2\platform\lib\locale\org-openide-util-lookup_pt_BR.jar;C:\Program Files\NetBeans 8.0.2\platform\lib\locale\org-openide-util-lookup_ru.jar;C:\Program Files\NetBeans 8.0.2\platform\lib\locale\org-openide-util-lookup_zh_CN.jar;C:\Program Files\NetBeans 8.0.2\platform\lib\locale\org-openide-util_ja.jar;C:\Program Files\NetBeans 8.0.2\platform\lib\locale\org-openide-util_pt_BR.jar;C:\Program Files\NetBeans 8.0.2\platform\lib\locale\org-openide-util_ru.jar;C:\Program Files\NetBeans 8.0.2\platform\lib\locale\org-openide-util_zh_CN.jar
Launcher Type: generic

Environment Variables:
PATH=C:\ProgramData\Oracle\Java\javapath;C:\Windows\system32;C:\Windows;C:\Windows\System32\Wbem;C:\Windows\System32\WindowsPowerShell\v1.0\;D:\wamp\bin\php\php5.5.12;C:\ProgramData\ComposerSetup\bin;C:\Users\User\AppData\Roaming\Composer\vendor\bin;C:\Program Files\nodejs\;C:\Users\User\AppData\Roaming\npm\node_modules\bower\bin\bower;C:\Program Files\Git\cmd;C:\Users\User\AppData\Roaming\npm
USERNAME=User
OS=Windows_NT
PROCESSOR_IDENTIFIER=x86 Family 6 Model 69 Stepping 1, GenuineIntel



---------------  S Y S T E M  ---------------

OS: Windows 7 Build 7600 (6.1.7600.16385)

CPU:total 4 (2 cores per cpu, 2 threads per core) family 6 model 69 stepping 1, cmov, cx8, fxsr, mmx, sse, sse2, sse3, ssse3, sse4.1, sse4.2, popcnt, aes, clmul, erms, lzcnt, ht, tsc, tscinvbit, bmi1, bmi2

Memory: 4k page, physical 2556340k(824236k free), swap 5110916k(1583380k free)

vm_info: Java HotSpot(TM) Client VM (25.60-b23) for windows-x86 JRE (1.8.0_60-b27), built on Aug  4 2015 10:57:40 by "java_re" with MS VC++ 10.0 (VS2010)

time: Wed Sep 30 19:10:02 2015
elapsed time: 20054 seconds (0d 5h 34m 14s)

